# JRE version: OpenJDK Runtime Environment Temurin-21.0.9+10 (21.0.9+10) (build 21.0.9+10-LTS)
# Java VM: OpenJDK 64-Bit Server VM Temurin-21.0.9+10 (21.0.9+10-LTS, mixed mode, sharing, tiered, compressed oops, compressed class ptrs, parallel gc, windows-amd64)
GC Precious Log:
 CardTable entry size: 512
 CPUs: 12 total, 12 available
 Memory: 7875M
 Large Page Support: Disabled
 NUMA Support: Disabled
 Compressed Oops: Enabled (32-bit)
 Alignments: Space 512K, Generation 512K, Heap 2M
 Heap Min Capacity: 100M
 Heap Initial Capacity: 100M
 Heap Max Capacity: 2G
 Pre-touch: Disabled
 Parallel Workers: 10
Heap:
 PSYoungGen      total 5120K, used 4708K [0x00000000d5580000, 0x00000000d5b80000, 0x0000000100000000)
  eden space 4608K, 92% used [0x00000000d5580000,0x00000000d59a9130,0x00000000d5a00000)
  from space 512K, 87% used [0x00000000d5b00000,0x00000000d5b70020,0x00000000d5b80000)
  to   space 512K, 0% used [0x00000000d5a80000,0x00000000d5a80000,0x00000000d5b00000)
 ParOldGen       total 989696K, used 989592K [0x0000000080000000, 0x00000000bc680000, 0x00000000d5580000)
  object space 989696K, 99% used [0x0000000080000000,0x00000000bc6660c0,0x00000000bc680000)
 Metaspace       used 98015K, committed 99712K, reserved 1179648K
  class space    used 10183K, committed 10944K, reserved 1048576K
GC Heap History (20 events):
Event: 250610.472 GC heap before
{Heap before GC invocations=2525 (full 6):
 PSYoungGen      total 5120K, used 4927K [0x00000000d5580000, 0x00000000d5c00000, 0x0000000100000000)
  eden space 4608K, 99% used [0x00000000d5580000,0x00000000d59fffe8,0x00000000d5a00000)
  from space 512K, 62% used [0x00000000d5b80000,0x00000000d5bd0000,0x00000000d5c00000)
  to   space 512K, 0% used [0x00000000d5b00000,0x00000000d5b00000,0x00000000d5b80000)
 ParOldGen       total 989184K, used 988078K [0x0000000080000000, 0x00000000bc600000, 0x00000000d5580000)
  object space 989184K, 99% used [0x0000000080000000,0x00000000bc4ebbd0,0x00000000bc600000)
 Metaspace       used 97247K, committed 98880K, reserved 1179648K
  class space    used 10086K, committed 10816K, reserved 1048576K
}
Event: 250610.480 GC heap after
{Heap after GC invocations=2525 (full 6):
 PSYoungGen      total 5120K, used 320K [0x00000000d5580000, 0x00000000d5c00000, 0x0000000100000000)
  eden space 4608K, 0% used [0x00000000d5580000,0x00000000d5580000,0x00000000d5a00000)
  from space 512K, 62% used [0x00000000d5b00000,0x00000000d5b50000,0x00000000d5b80000)
  to   space 512K, 0% used [0x00000000d5b80000,0x00000000d5b80000,0x00000000d5c00000)
 ParOldGen       total 989184K, used 988142K [0x0000000080000000, 0x00000000bc600000, 0x00000000d5580000)
  object space 989184K, 99% used [0x0000000080000000,0x00000000bc4fbbd0,0x00000000bc600000)
 Metaspace       used 97247K, committed 98880K, reserved 1179648K
  class space    used 10086K, committed 10816K, reserved 1048576K
}
Event: 250797.900 GC heap before
{Heap before GC invocations=2526 (full 6):
 PSYoungGen      total 5120K, used 4928K [0x00000000d5580000, 0x00000000d5c00000, 0x0000000100000000)
  eden space 4608K, 100% used [0x00000000d5580000,0x00000000d5a00000,0x00000000d5a00000)
  from space 512K, 62% used [0x00000000d5b00000,0x00000000d5b50000,0x00000000d5b80000)
  to   space 512K, 0% used [0x00000000d5b80000,0x00000000d5b80000,0x00000000d5c00000)
 ParOldGen       total 989184K, used 988142K [0x0000000080000000, 0x00000000bc600000, 0x00000000d5580000)
  object space 989184K, 99% used [0x0000000080000000,0x00000000bc4fbbd0,0x00000000bc600000)
 Metaspace       used 97555K, committed 99328K, reserved 1179648K
  class space    used 10138K, committed 10944K, reserved 1048576K
}
Event: 250798.061 GC heap after
{Heap after GC invocations=2526 (full 6):
 PSYoungGen      total 5120K, used 480K [0x00000000d5580000, 0x00000000d5c00000, 0x0000000100000000)
  eden space 4608K, 0% used [0x00000000d5580000,0x00000000d5580000,0x00000000d5a00000)
  from space 512K, 93% used [0x00000000d5b80000,0x00000000d5bf8010,0x00000000d5c00000)
  to   space 1024K, 0% used [0x00000000d5a00000,0x00000000d5a00000,0x00000000d5b00000)
 ParOldGen       total 989184K, used 988363K [0x0000000080000000, 0x00000000bc600000, 0x00000000d5580000)
  object space 989184K, 99% used [0x0000000080000000,0x00000000bc532e80,0x00000000bc600000)
 Metaspace       used 97555K, committed 99328K, reserved 1179648K
  class space    used 10138K, committed 10944K, reserved 1048576K
}
Event: 250798.442 GC heap before
{Heap before GC invocations=2527 (full 6):
 PSYoungGen      total 5120K, used 5088K [0x00000000d5580000, 0x00000000d5c00000, 0x0000000100000000)
  eden space 4608K, 100% used [0x00000000d5580000,0x00000000d5a00000,0x00000000d5a00000)
  from space 512K, 93% used [0x00000000d5b80000,0x00000000d5bf8010,0x00000000d5c00000)
  to   space 1024K, 0% used [0x00000000d5a00000,0x00000000d5a00000,0x00000000d5b00000)
 ParOldGen       total 989184K, used 988363K [0x0000000080000000, 0x00000000bc600000, 0x00000000d5580000)
  object space 989184K, 99% used [0x0000000080000000,0x00000000bc532e80,0x00000000bc600000)
 Metaspace       used 97556K, committed 99328K, reserved 1179648K
  class space    used 10138K, committed 10944K, reserved 1048576K
}
Event: 250798.451 GC heap after
{Heap after GC invocations=2527 (full 6):
 PSYoungGen      total 5632K, used 905K [0x00000000d5580000, 0x00000000d5c00000, 0x0000000100000000)
  eden space 4608K, 0% used [0x00000000d5580000,0x00000000d5580000,0x00000000d5a00000)
  from space 1024K, 88% used [0x00000000d5a00000,0x00000000d5ae2400,0x00000000d5b00000)
  to   space 1024K, 0% used [0x00000000d5b00000,0x00000000d5b00000,0x00000000d5c00000)
 ParOldGen       total 989184K, used 988611K [0x0000000080000000, 0x00000000bc600000, 0x00000000d5580000)
  object space 989184K, 99% used [0x0000000080000000,0x00000000bc570e90,0x00000000bc600000)
 Metaspace       used 97556K, committed 99328K, reserved 1179648K
  class space    used 10138K, committed 10944K, reserved 1048576K
}
Event: 250820.729 GC heap before
{Heap before GC invocations=2528 (full 6):
 PSYoungGen      total 5632K, used 5513K [0x00000000d5580000, 0x00000000d5c00000, 0x0000000100000000)
  eden space 4608K, 100% used [0x00000000d5580000,0x00000000d5a00000,0x00000000d5a00000)
  from space 1024K, 88% used [0x00000000d5a00000,0x00000000d5ae2400,0x00000000d5b00000)
  to   space 1024K, 0% used [0x00000000d5b00000,0x00000000d5b00000,0x00000000d5c00000)
 ParOldGen       total 989184K, used 988611K [0x0000000080000000, 0x00000000bc600000, 0x00000000d5580000)
  object space 989184K, 99% used [0x0000000080000000,0x00000000bc570e90,0x00000000bc600000)
 Metaspace       used 97560K, committed 99328K, reserved 1179648K
  class space    used 10138K, committed 10944K, reserved 1048576K
}
Event: 250820.737 GC heap after
{Heap after GC invocations=2528 (full 6):
 PSYoungGen      total 5632K, used 608K [0x00000000d5580000, 0x00000000d5c00000, 0x0000000100000000)
  eden space 4608K, 0% used [0x00000000d5580000,0x00000000d5580000,0x00000000d5a00000)
  from space 1024K, 59% used [0x00000000d5b00000,0x00000000d5b98020,0x00000000d5c00000)
  to   space 1024K, 0% used [0x00000000d5a00000,0x00000000d5a00000,0x00000000d5b00000)
 ParOldGen       total 989184K, used 989160K [0x0000000080000000, 0x00000000bc600000, 0x00000000d5580000)
  object space 989184K, 99% used [0x0000000080000000,0x00000000bc5fa0a0,0x00000000bc600000)
 Metaspace       used 97560K, committed 99328K, reserved 1179648K
  class space    used 10138K, committed 10944K, reserved 1048576K
}
Event: 250820.835 GC heap before
{Heap before GC invocations=2529 (full 6):
 PSYoungGen      total 5632K, used 5216K [0x00000000d5580000, 0x00000000d5c00000, 0x0000000100000000)
  eden space 4608K, 100% used [0x00000000d5580000,0x00000000d5a00000,0x00000000d5a00000)
  from space 1024K, 59% used [0x00000000d5b00000,0x00000000d5b98020,0x00000000d5c00000)
  to   space 1024K, 0% used [0x00000000d5a00000,0x00000000d5a00000,0x00000000d5b00000)
 ParOldGen       total 989184K, used 989160K [0x0000000080000000, 0x00000000bc600000, 0x00000000d5580000)
  object space 989184K, 99% used [0x0000000080000000,0x00000000bc5fa0a0,0x00000000bc600000)
 Metaspace       used 97561K, committed 99328K, reserved 1179648K
  class space    used 10138K, committed 10944K, reserved 1048576K
}
Event: 250820.841 GC heap after
{Heap after GC invocations=2529 (full 6):
 PSYoungGen      total 5632K, used 340K [0x00000000d5580000, 0x00000000d5b80000, 0x0000000100000000)
  eden space 4608K, 0% used [0x00000000d5580000,0x00000000d5580000,0x00000000d5a00000)
  from space 1024K, 33% used [0x00000000d5a00000,0x00000000d5a55200,0x00000000d5b00000)
  to   space 512K, 0% used [0x00000000d5b00000,0x00000000d5b00000,0x00000000d5b80000)
 ParOldGen       total 989696K, used 989328K [0x0000000080000000, 0x00000000bc680000, 0x00000000d5580000)
  object space 989696K, 99% used [0x0000000080000000,0x00000000bc6240c0,0x00000000bc680000)
 Metaspace       used 97561K, committed 99328K, reserved 1179648K
  class space    used 10138K, committed 10944K, reserved 1048576K
}
Event: 250822.115 GC heap before
{Heap before GC invocations=2530 (full 6):
 PSYoungGen      total 5632K, used 4948K [0x00000000d5580000, 0x00000000d5b80000, 0x0000000100000000)
  eden space 4608K, 100% used [0x00000000d5580000,0x00000000d5a00000,0x00000000d5a00000)
  from space 1024K, 33% used [0x00000000d5a00000,0x00000000d5a55200,0x00000000d5b00000)
  to   space 512K, 0% used [0x00000000d5b00000,0x00000000d5b00000,0x00000000d5b80000)
 ParOldGen       total 989696K, used 989328K [0x0000000080000000, 0x00000000bc680000, 0x00000000d5580000)
  object space 989696K, 99% used [0x0000000080000000,0x00000000bc6240c0,0x00000000bc680000)
 Metaspace       used 97920K, committed 99648K, reserved 1179648K
  class space    used 10179K, committed 10944K, reserved 1048576K
}
Event: 250822.123 GC heap after
{Heap after GC invocations=2530 (full 6):
 PSYoungGen      total 5120K, used 288K [0x00000000d5580000, 0x00000000d5b80000, 0x0000000100000000)
  eden space 4608K, 0% used [0x00000000d5580000,0x00000000d5580000,0x00000000d5a00000)
  from space 512K, 56% used [0x00000000d5b00000,0x00000000d5b48000,0x00000000d5b80000)
  to   space 512K, 0% used [0x00000000d5a80000,0x00000000d5a80000,0x00000000d5b00000)
 ParOldGen       total 989696K, used 989376K [0x0000000080000000, 0x00000000bc680000, 0x00000000d5580000)
  object space 989696K, 99% used [0x0000000080000000,0x00000000bc6300c0,0x00000000bc680000)
 Metaspace       used 97920K, committed 99648K, reserved 1179648K
  class space    used 10179K, committed 10944K, reserved 1048576K
}
Event: 250823.703 GC heap before
{Heap before GC invocations=2531 (full 6):
 PSYoungGen      total 5120K, used 4896K [0x00000000d5580000, 0x00000000d5b80000, 0x0000000100000000)
  eden space 4608K, 100% used [0x00000000d5580000,0x00000000d5a00000,0x00000000d5a00000)
  from space 512K, 56% used [0x00000000d5b00000,0x00000000d5b48000,0x00000000d5b80000)
  to   space 512K, 0% used [0x00000000d5a80000,0x00000000d5a80000,0x00000000d5b00000)
 ParOldGen       total 989696K, used 989376K [0x0000000080000000, 0x00000000bc680000, 0x00000000d5580000)
  object space 989696K, 99% used [0x0000000080000000,0x00000000bc6300c0,0x00000000bc680000)
 Metaspace       used 97937K, committed 99648K, reserved 1179648K
  class space    used 10180K, committed 10944K, reserved 1048576K
}
Event: 250823.706 GC heap after
{Heap after GC invocations=2531 (full 6):
 PSYoungGen      total 5120K, used 372K [0x00000000d5580000, 0x00000000d5b80000, 0x0000000100000000)
  eden space 4608K, 0% used [0x00000000d5580000,0x00000000d5580000,0x00000000d5a00000)
  from space 512K, 72% used [0x00000000d5a80000,0x00000000d5add200,0x00000000d5b00000)
  to   space 512K, 0% used [0x00000000d5b00000,0x00000000d5b00000,0x00000000d5b80000)
 ParOldGen       total 989696K, used 989432K [0x0000000080000000, 0x00000000bc680000, 0x00000000d5580000)
  object space 989696K, 99% used [0x0000000080000000,0x00000000bc63e0c0,0x00000000bc680000)
 Metaspace       used 97937K, committed 99648K, reserved 1179648K
  class space    used 10180K, committed 10944K, reserved 1048576K
}
Event: 250823.720 GC heap before
{Heap before GC invocations=2532 (full 6):
 PSYoungGen      total 5120K, used 4980K [0x00000000d5580000, 0x00000000d5b80000, 0x0000000100000000)
  eden space 4608K, 100% used [0x00000000d5580000,0x00000000d5a00000,0x00000000d5a00000)
  from space 512K, 72% used [0x00000000d5a80000,0x00000000d5add200,0x00000000d5b00000)
  to   space 512K, 0% used [0x00000000d5b00000,0x00000000d5b00000,0x00000000d5b80000)
 ParOldGen       total 989696K, used 989432K [0x0000000080000000, 0x00000000bc680000, 0x00000000d5580000)
  object space 989696K, 99% used [0x0000000080000000,0x00000000bc63e0c0,0x00000000bc680000)
 Metaspace       used 97937K, committed 99648K, reserved 1179648K
  class space    used 10180K, committed 10944K, reserved 1048576K
}
Event: 250823.724 GC heap after
{Heap after GC invocations=2532 (full 6):
 PSYoungGen      total 5120K, used 474K [0x00000000d5580000, 0x00000000d5b80000, 0x0000000100000000)
  eden space 4608K, 0% used [0x00000000d5580000,0x00000000d5580000,0x00000000d5a00000)
  from space 512K, 92% used [0x00000000d5b00000,0x00000000d5b76900,0x00000000d5b80000)
  to   space 512K, 0% used [0x00000000d5a80000,0x00000000d5a80000,0x00000000d5b00000)
 ParOldGen       total 989696K, used 989528K [0x0000000080000000, 0x00000000bc680000, 0x00000000d5580000)
  object space 989696K, 99% used [0x0000000080000000,0x00000000bc6560c0,0x00000000bc680000)
 Metaspace       used 97937K, committed 99648K, reserved 1179648K
  class space    used 10180K, committed 10944K, reserved 1048576K
}
Event: 250825.555 GC heap before
{Heap before GC invocations=2533 (full 6):
 PSYoungGen      total 5120K, used 5082K [0x00000000d5580000, 0x00000000d5b80000, 0x0000000100000000)
  eden space 4608K, 100% used [0x00000000d5580000,0x00000000d5a00000,0x00000000d5a00000)
  from space 512K, 92% used [0x00000000d5b00000,0x00000000d5b76900,0x00000000d5b80000)
  to   space 512K, 0% used [0x00000000d5a80000,0x00000000d5a80000,0x00000000d5b00000)
 ParOldGen       total 989696K, used 989528K [0x0000000080000000, 0x00000000bc680000, 0x00000000d5580000)
  object space 989696K, 99% used [0x0000000080000000,0x00000000bc6560c0,0x00000000bc680000)
 Metaspace       used 97957K, committed 99648K, reserved 1179648K
  class space    used 10180K, committed 10944K, reserved 1048576K
}
Event: 250825.559 GC heap after
{Heap after GC invocations=2533 (full 6):
 PSYoungGen      total 5120K, used 224K [0x00000000d5580000, 0x00000000d5b80000, 0x0000000100000000)
  eden space 4608K, 0% used [0x00000000d5580000,0x00000000d5580000,0x00000000d5a00000)
  from space 512K, 43% used [0x00000000d5a80000,0x00000000d5ab8000,0x00000000d5b00000)
  to   space 512K, 0% used [0x00000000d5b00000,0x00000000d5b00000,0x00000000d5b80000)
 ParOldGen       total 989696K, used 989552K [0x0000000080000000, 0x00000000bc680000, 0x00000000d5580000)
  object space 989696K, 99% used [0x0000000080000000,0x00000000bc65c0c0,0x00000000bc680000)
 Metaspace       used 97957K, committed 99648K, reserved 1179648K
  class space    used 10180K, committed 10944K, reserved 1048576K
}
Event: 251010.374 GC heap before
{Heap before GC invocations=2534 (full 6):
 PSYoungGen      total 5120K, used 4831K [0x00000000d5580000, 0x00000000d5b80000, 0x0000000100000000)
  eden space 4608K, 99% used [0x00000000d5580000,0x00000000d59ffdd8,0x00000000d5a00000)
  from space 512K, 43% used [0x00000000d5a80000,0x00000000d5ab8000,0x00000000d5b00000)
  to   space 512K, 0% used [0x00000000d5b00000,0x00000000d5b00000,0x00000000d5b80000)
 ParOldGen       total 989696K, used 989552K [0x0000000080000000, 0x00000000bc680000, 0x00000000d5580000)
  object space 989696K, 99% used [0x0000000080000000,0x00000000bc65c0c0,0x00000000bc680000)
 Metaspace       used 98015K, committed 99712K, reserved 1179648K
  class space    used 10183K, committed 10944K, reserved 1048576K
}
Event: 251010.440 GC heap after
{Heap after GC invocations=2534 (full 6):
 PSYoungGen      total 5120K, used 448K [0x00000000d5580000, 0x00000000d5b80000, 0x0000000100000000)
  eden space 4608K, 0% used [0x00000000d5580000,0x00000000d5580000,0x00000000d5a00000)
  from space 512K, 87% used [0x00000000d5b00000,0x00000000d5b70020,0x00000000d5b80000)
  to   space 512K, 0% used [0x00000000d5a80000,0x00000000d5a80000,0x00000000d5b00000)
 ParOldGen       total 989696K, used 989592K [0x0000000080000000, 0x00000000bc680000, 0x00000000d5580000)
  object space 989696K, 99% used [0x0000000080000000,0x00000000bc6660c0,0x00000000bc680000)
 Metaspace       used 98015K, committed 99712K, reserved 1179648K
  class space    used 10183K, committed 10944K, reserved 1048576K
}

